<?xml version="1.0" encoding="UTF-8"?>
<!-- Generated by org.testng.reporters.JUnitReportReporter -->
<testsuite hostname="DESKTOP-JN0R6OU" failures="0" tests="3" name="PageTests" time="26.196" errors="0" timestamp="2022-12-23T12:35:46 PST" skipped="0">
  <testcase classname="PageTests" name="verifyHomePageElements" time="8.313"/>
  <system-out>
    <![CDATA[<br> • Test case 1: Verify Home page elements
<br> • Ensure Home page displayed
<br> • Verify category Phones
<br> • Verify category Laptops
<br> • Verify category Monitors
<br> • Check amount of articles displayed by category
<br> • Click category: Phones
<br> • Wait for page to update
<br> • Verify number of Phones
<br> • Click category: Laptops
<br> • Wait for page to update
<br> • Verify number of Laptops
<br> • Click category: Monitors
<br> • Wait for page to update
<br> • Verify number of Monitors
<br> • Reload the page]]>
  </system-out>
  <testcase classname="PageTests" name="addAndDeleteProductFromCart" time="4.933"/>
  <system-out>
    <![CDATA[<br> • Test case 2: Add and delete a product from the cart
<br> • Ensure Home page displayed
<br> • Select a product on the main page
<br> • Verify product details are shown
<br> • Product name: Samsung galaxy s6
<br> • Product description: The Samsung Galaxy S6 is powered by 1.5GHz octa-core Samsung Exynos 7420 processor and it comes with 3GB of RAM. The phone packs 32GB of internal storage cannot be expanded.
<br> • Product price: $360 *includes tax
<br> • Product image shown: true
<br> • Button text: Add to cart
<br> • Click the Add to cart button
<br> • Wait for and acknowledge alert
<br> • Ensure Home page displayed
<br> • Go to Cart page
<br> • Ensure product is added on cart page
<br> • Delete product
<br> • Wait for page to reload and verify there are no products in the cart]]>
  </system-out>
  <testcase classname="PageTests" name="addMultipleProductsAndCheckPrice" time="12.950"/>
  <system-out>
    <![CDATA[<br> • Test case 3: Add multiple products and verify cart price
<br> • Go to Home page
<br> • Select a product on the main page
<br> • Click the Add to cart button
<br> • Wait for and acknowledge alert
<br> • Go to Home page
<br> • Select a product on the main page
<br> • Click the Add to cart button
<br> • Wait for and acknowledge alert
<br> • Go to Home page
<br> • Select a product on the main page
<br> • Click the Add to cart button
<br> • Wait for and acknowledge alert
<br> • Go to Cart page
<br> • Check details for product number 1
<br> • Check product name
<br> • Check product image
<br> • Check product price
<br> • Verify product has delete button available
<br> • Check details for product number 2
<br> • Check product name
<br> • Check product image
<br> • Check product price
<br> • Verify product has delete button available
<br> • Check details for product number 3
<br> • Check product name
<br> • Check product image
<br> • Check product price
<br> • Verify product has delete button available
<br> • Ensure expected total price matches with the accumulated price
 Verify expected total price matches with price shown at the right of the page
<br> • Verify place order button says 'Place order'
<br> • Delete each product]]>
  </system-out>
</testsuite> <!-- PageTests -->
